Build started 2012-01-17 22:11:14.
     1>Project "H:\Dyplom\Git\src\CVAppEngine\JobShedulerTest\JobShedulerTest.vcxproj" on node 2 (build target(s)).
     1>InitializeBuildStatus:
         Touching "Debug\JobShedulerTest.unsuccessfulbuild".
       GenerateTargetFrameworkMonikerAttribute:
       Skipping target "GenerateTargetFrameworkMonikerAttribute" because all output files are up-to-date with respect to the input files.
       ClCompile:
         All outputs are up-to-date.
         O:\Program Files (x86)\Microsoft Visual Studio 10.0\VC\bin\CL.exe /c /AI"C:\Program Files (x86)\Reference Assemblies\Microsoft\Framework\.NETFramework\v4.0" /Zi /clr:safe /nologo /W3 /WX- /Od /Oy- /D WIN32 /D _DEBUG /D _WINDLL /D _UNICODE /D UNICODE /EHa /MD /GS /fp:precise /Zc:wchar_t /Zc:forScope /Yu"StdAfx.h" /Fp"Debug\DefaultTest.pch" /Fo"Debug\\" /Fd"Debug\vc100.pdb" /TP /FU"O:\Program Files (x86)\Microsoft Visual Studio 10.0\Common7\IDE\PublicAssemblies\Microsoft.VisualStudio.QualityTools.UnitTestFramework.dll" /FU"C:\Program Files (x86)\Reference Assemblies\Microsoft\Framework\.NETFramework\v4.0\System.Core.dll" /FU"C:\Program Files (x86)\Reference Assemblies\Microsoft\Framework\.NETFramework\v4.0\System.Data.dll" /FU"C:\Program Files (x86)\Reference Assemblies\Microsoft\Framework\.NETFramework\v4.0\System.dll" /FU"C:\Program Files (x86)\Reference Assemblies\Microsoft\Framework\.NETFramework\v4.0\System.Xml.dll" /analyze- /errorReport:prompt Queue.cpp /clr:nostdlib 
         Queue.cpp
     1>Queue.cpp(18): error C2143: syntax error : missing ';' before '}'
     1>Queue.cpp(17): error C3861: 'assert': identifier not found
     1>Done Building Project "H:\Dyplom\Git\src\CVAppEngine\JobShedulerTest\JobShedulerTest.vcxproj" (build target(s)) -- FAILED.

Build FAILED.

Time Elapsed 00:00:00.18
